[2025-05-15T08:33:30.152+0000] {manager.py:469} INFO - Processing files using up to 2 processes at a time 
[2025-05-15T08:33:30.154+0000] {manager.py:470} INFO - Process each file at most once every 30 seconds
[2025-05-15T08:33:30.160+0000] {manager.py:471} INFO - Checking for new files in /opt/airflow/dags every 300 seconds
[2025-05-15T08:33:30.161+0000] {manager.py:738} INFO - Searching for files in /opt/airflow/dags
[2025-05-15T08:33:30.165+0000] {manager.py:741} INFO - There are 0 files in /opt/airflow/dags
[2025-05-15T08:38:30.727+0000] {manager.py:738} INFO - Searching for files in /opt/airflow/dags
[2025-05-15T08:38:30.729+0000] {manager.py:741} INFO - There are 0 files in /opt/airflow/dags
[2025-05-15T08:43:31.333+0000] {manager.py:738} INFO - Searching for files in /opt/airflow/dags
[2025-05-15T08:43:31.335+0000] {manager.py:741} INFO - There are 0 files in /opt/airflow/dags
[2025-05-15T08:48:32.026+0000] {manager.py:738} INFO - Searching for files in /opt/airflow/dags
[2025-05-15T08:48:32.030+0000] {manager.py:741} INFO - There are 0 files in /opt/airflow/dags
[2025-05-15T08:53:32.701+0000] {manager.py:738} INFO - Searching for files in /opt/airflow/dags
[2025-05-15T08:53:32.705+0000] {manager.py:741} INFO - There are 0 files in /opt/airflow/dags
[2025-05-15T08:58:33.263+0000] {manager.py:738} INFO - Searching for files in /opt/airflow/dags
[2025-05-15T08:58:33.266+0000] {manager.py:741} INFO - There are 0 files in /opt/airflow/dags
[2025-05-15T09:03:33.919+0000] {manager.py:738} INFO - Searching for files in /opt/airflow/dags
[2025-05-15T09:03:33.921+0000] {manager.py:741} INFO - There are 0 files in /opt/airflow/dags
[2025-05-15T09:08:34.635+0000] {manager.py:738} INFO - Searching for files in /opt/airflow/dags
[2025-05-15T09:08:34.640+0000] {manager.py:741} INFO - There are 0 files in /opt/airflow/dags
[2025-05-15T09:13:35.432+0000] {manager.py:738} INFO - Searching for files in /opt/airflow/dags
[2025-05-15T09:13:35.436+0000] {manager.py:741} INFO - There are 0 files in /opt/airflow/dags
[2025-05-15T09:18:36.100+0000] {manager.py:738} INFO - Searching for files in /opt/airflow/dags
[2025-05-15T09:18:36.104+0000] {manager.py:741} INFO - There are 0 files in /opt/airflow/dags
[2025-05-15T09:23:36.800+0000] {manager.py:738} INFO - Searching for files in /opt/airflow/dags
[2025-05-15T09:23:36.803+0000] {manager.py:741} INFO - There are 0 files in /opt/airflow/dags
[2025-05-15T09:28:37.392+0000] {manager.py:738} INFO - Searching for files in /opt/airflow/dags
[2025-05-15T09:28:37.397+0000] {manager.py:741} INFO - There are 0 files in /opt/airflow/dags
[2025-05-15T09:35:37.367+0000] {manager.py:738} INFO - Searching for files in /opt/airflow/dags
[2025-05-15T09:35:37.371+0000] {manager.py:741} INFO - There are 0 files in /opt/airflow/dags
[2025-05-15T09:40:38.022+0000] {manager.py:738} INFO - Searching for files in /opt/airflow/dags
[2025-05-15T09:40:38.025+0000] {manager.py:741} INFO - There are 0 files in /opt/airflow/dags
[2025-05-15T09:45:38.667+0000] {manager.py:738} INFO - Searching for files in /opt/airflow/dags
[2025-05-15T09:45:38.671+0000] {manager.py:741} INFO - There are 0 files in /opt/airflow/dags
[2025-05-15T09:50:39.393+0000] {manager.py:738} INFO - Searching for files in /opt/airflow/dags
[2025-05-15T09:50:39.398+0000] {manager.py:741} INFO - There are 0 files in /opt/airflow/dags
[2025-05-15T09:55:39.987+0000] {manager.py:738} INFO - Searching for files in /opt/airflow/dags
[2025-05-15T09:55:39.991+0000] {manager.py:741} INFO - There are 0 files in /opt/airflow/dags
[2025-05-15T10:00:40.642+0000] {manager.py:738} INFO - Searching for files in /opt/airflow/dags
[2025-05-15T10:00:40.647+0000] {manager.py:741} INFO - There are 0 files in /opt/airflow/dags
[2025-05-15T10:05:41.356+0000] {manager.py:738} INFO - Searching for files in /opt/airflow/dags
[2025-05-15T10:05:41.360+0000] {manager.py:741} INFO - There are 0 files in /opt/airflow/dags
[2025-05-15T10:10:42.049+0000] {manager.py:738} INFO - Searching for files in /opt/airflow/dags
[2025-05-15T10:10:42.053+0000] {manager.py:741} INFO - There are 0 files in /opt/airflow/dags
[2025-05-15T10:18:47.650+0000] {manager.py:738} INFO - Searching for files in /opt/airflow/dags
[2025-05-15T10:18:47.653+0000] {manager.py:741} INFO - There are 0 files in /opt/airflow/dags
[2025-05-15T10:23:48.354+0000] {manager.py:738} INFO - Searching for files in /opt/airflow/dags
[2025-05-15T10:23:48.357+0000] {manager.py:741} INFO - There are 0 files in /opt/airflow/dags
[2025-05-15T10:28:49.015+0000] {manager.py:738} INFO - Searching for files in /opt/airflow/dags
[2025-05-15T10:28:49.020+0000] {manager.py:741} INFO - There are 0 files in /opt/airflow/dags
[2025-05-15T10:33:49.728+0000] {manager.py:738} INFO - Searching for files in /opt/airflow/dags
[2025-05-15T10:33:49.732+0000] {manager.py:741} INFO - There are 0 files in /opt/airflow/dags
[2025-05-15T10:38:50.436+0000] {manager.py:738} INFO - Searching for files in /opt/airflow/dags
[2025-05-15T10:38:50.440+0000] {manager.py:741} INFO - There are 0 files in /opt/airflow/dags
[2025-05-15T10:43:51.132+0000] {manager.py:738} INFO - Searching for files in /opt/airflow/dags
[2025-05-15T10:43:51.136+0000] {manager.py:741} INFO - There are 0 files in /opt/airflow/dags
[2025-05-15T10:48:51.765+0000] {manager.py:738} INFO - Searching for files in /opt/airflow/dags
[2025-05-15T10:48:51.770+0000] {manager.py:741} INFO - There are 0 files in /opt/airflow/dags
[2025-05-15T10:53:52.412+0000] {manager.py:738} INFO - Searching for files in /opt/airflow/dags
[2025-05-15T10:53:52.417+0000] {manager.py:741} INFO - There are 0 files in /opt/airflow/dags
[2025-05-15T10:58:53.129+0000] {manager.py:738} INFO - Searching for files in /opt/airflow/dags
[2025-05-15T10:58:53.133+0000] {manager.py:741} INFO - There are 0 files in /opt/airflow/dags
[2025-05-15T11:03:53.853+0000] {manager.py:738} INFO - Searching for files in /opt/airflow/dags
[2025-05-15T11:03:53.857+0000] {manager.py:741} INFO - There are 0 files in /opt/airflow/dags
[2025-05-15T11:08:54.604+0000] {manager.py:738} INFO - Searching for files in /opt/airflow/dags
[2025-05-15T11:08:54.605+0000] {manager.py:741} INFO - There are 0 files in /opt/airflow/dags
[2025-05-15T11:13:55.312+0000] {manager.py:738} INFO - Searching for files in /opt/airflow/dags
[2025-05-15T11:13:55.316+0000] {manager.py:741} INFO - There are 0 files in /opt/airflow/dags
[2025-05-15T11:18:56.032+0000] {manager.py:738} INFO - Searching for files in /opt/airflow/dags
[2025-05-15T11:18:56.035+0000] {manager.py:741} INFO - There are 0 files in /opt/airflow/dags
[2025-05-15T11:23:56.797+0000] {manager.py:738} INFO - Searching for files in /opt/airflow/dags
[2025-05-15T11:23:56.802+0000] {manager.py:741} INFO - There are 0 files in /opt/airflow/dags
[2025-05-15T11:28:57.592+0000] {manager.py:738} INFO - Searching for files in /opt/airflow/dags
[2025-05-15T11:28:57.596+0000] {manager.py:741} INFO - There are 0 files in /opt/airflow/dags
[2025-05-15T11:33:58.333+0000] {manager.py:738} INFO - Searching for files in /opt/airflow/dags
[2025-05-15T11:33:58.339+0000] {manager.py:741} INFO - There are 0 files in /opt/airflow/dags
[2025-05-15T11:38:59.033+0000] {manager.py:738} INFO - Searching for files in /opt/airflow/dags
[2025-05-15T11:38:59.036+0000] {manager.py:741} INFO - There are 0 files in /opt/airflow/dags
[2025-05-15T11:43:59.658+0000] {manager.py:738} INFO - Searching for files in /opt/airflow/dags
[2025-05-15T11:43:59.663+0000] {manager.py:741} INFO - There are 0 files in /opt/airflow/dags
[2025-05-15T11:49:00.519+0000] {manager.py:738} INFO - Searching for files in /opt/airflow/dags
[2025-05-15T11:49:00.524+0000] {manager.py:741} INFO - There are 0 files in /opt/airflow/dags
[2025-05-15T11:54:01.297+0000] {manager.py:738} INFO - Searching for files in /opt/airflow/dags
[2025-05-15T11:54:01.302+0000] {manager.py:741} INFO - There are 0 files in /opt/airflow/dags
[2025-05-15T11:59:02.005+0000] {manager.py:738} INFO - Searching for files in /opt/airflow/dags
[2025-05-15T11:59:02.009+0000] {manager.py:741} INFO - There are 0 files in /opt/airflow/dags
[2025-05-15T12:04:02.704+0000] {manager.py:738} INFO - Searching for files in /opt/airflow/dags
[2025-05-15T12:04:02.708+0000] {manager.py:741} INFO - There are 0 files in /opt/airflow/dags
[2025-05-15T12:09:03.408+0000] {manager.py:738} INFO - Searching for files in /opt/airflow/dags
[2025-05-15T12:09:03.413+0000] {manager.py:741} INFO - There are 0 files in /opt/airflow/dags
[2025-05-15T12:14:04.202+0000] {manager.py:738} INFO - Searching for files in /opt/airflow/dags
[2025-05-15T12:14:04.206+0000] {manager.py:741} INFO - There are 0 files in /opt/airflow/dags
[2025-05-15T12:19:04.972+0000] {manager.py:738} INFO - Searching for files in /opt/airflow/dags
[2025-05-15T12:19:04.976+0000] {manager.py:741} INFO - There are 0 files in /opt/airflow/dags
[2025-05-15T12:24:05.640+0000] {manager.py:738} INFO - Searching for files in /opt/airflow/dags
[2025-05-15T12:24:05.644+0000] {manager.py:741} INFO - There are 0 files in /opt/airflow/dags
[2025-05-15T12:29:06.420+0000] {manager.py:738} INFO - Searching for files in /opt/airflow/dags
[2025-05-15T12:29:06.424+0000] {manager.py:741} INFO - There are 0 files in /opt/airflow/dags
[2025-05-15T12:34:07.248+0000] {manager.py:738} INFO - Searching for files in /opt/airflow/dags
[2025-05-15T12:34:07.253+0000] {manager.py:741} INFO - There are 0 files in /opt/airflow/dags
[2025-05-15T12:39:07.959+0000] {manager.py:738} INFO - Searching for files in /opt/airflow/dags
[2025-05-15T12:39:07.963+0000] {manager.py:741} INFO - There are 0 files in /opt/airflow/dags
[2025-05-15T12:44:08.614+0000] {manager.py:738} INFO - Searching for files in /opt/airflow/dags
[2025-05-15T12:44:08.619+0000] {manager.py:741} INFO - There are 0 files in /opt/airflow/dags
[2025-05-15T12:49:09.371+0000] {manager.py:738} INFO - Searching for files in /opt/airflow/dags
[2025-05-15T12:49:09.376+0000] {manager.py:741} INFO - There are 0 files in /opt/airflow/dags
[2025-05-15T12:54:10.114+0000] {manager.py:738} INFO - Searching for files in /opt/airflow/dags
[2025-05-15T12:54:10.119+0000] {manager.py:741} INFO - There are 0 files in /opt/airflow/dags
[2025-05-15T12:59:10.885+0000] {manager.py:738} INFO - Searching for files in /opt/airflow/dags
[2025-05-15T12:59:10.889+0000] {manager.py:741} INFO - There are 0 files in /opt/airflow/dags
[2025-05-15T13:04:11.698+0000] {manager.py:738} INFO - Searching for files in /opt/airflow/dags
[2025-05-15T13:04:11.702+0000] {manager.py:741} INFO - There are 0 files in /opt/airflow/dags
[2025-05-15T13:09:12.408+0000] {manager.py:738} INFO - Searching for files in /opt/airflow/dags
[2025-05-15T13:09:12.412+0000] {manager.py:741} INFO - There are 0 files in /opt/airflow/dags
[2025-05-15T13:14:13.151+0000] {manager.py:738} INFO - Searching for files in /opt/airflow/dags
[2025-05-15T13:14:13.155+0000] {manager.py:741} INFO - There are 0 files in /opt/airflow/dags
[2025-05-15T13:19:13.977+0000] {manager.py:738} INFO - Searching for files in /opt/airflow/dags
[2025-05-15T13:19:13.982+0000] {manager.py:741} INFO - There are 0 files in /opt/airflow/dags
[2025-05-15T13:24:14.716+0000] {manager.py:738} INFO - Searching for files in /opt/airflow/dags
[2025-05-15T13:24:14.721+0000] {manager.py:741} INFO - There are 0 files in /opt/airflow/dags
[2025-05-15T13:29:15.456+0000] {manager.py:738} INFO - Searching for files in /opt/airflow/dags
[2025-05-15T13:29:15.460+0000] {manager.py:741} INFO - There are 0 files in /opt/airflow/dags
[2025-05-15T13:34:16.183+0000] {manager.py:738} INFO - Searching for files in /opt/airflow/dags
[2025-05-15T13:34:16.188+0000] {manager.py:741} INFO - There are 0 files in /opt/airflow/dags
[2025-05-15T13:39:16.861+0000] {manager.py:738} INFO - Searching for files in /opt/airflow/dags
[2025-05-15T13:39:16.866+0000] {manager.py:741} INFO - There are 0 files in /opt/airflow/dags
[2025-05-15T13:44:17.607+0000] {manager.py:738} INFO - Searching for files in /opt/airflow/dags
[2025-05-15T13:44:17.611+0000] {manager.py:741} INFO - There are 0 files in /opt/airflow/dags
[2025-05-15T13:49:18.394+0000] {manager.py:738} INFO - Searching for files in /opt/airflow/dags
[2025-05-15T13:49:18.399+0000] {manager.py:741} INFO - There are 0 files in /opt/airflow/dags
[2025-05-15T13:54:19.101+0000] {manager.py:738} INFO - Searching for files in /opt/airflow/dags
[2025-05-15T13:54:19.105+0000] {manager.py:741} INFO - There are 0 files in /opt/airflow/dags
[2025-05-15T13:59:19.813+0000] {manager.py:738} INFO - Searching for files in /opt/airflow/dags
[2025-05-15T13:59:19.817+0000] {manager.py:741} INFO - There are 0 files in /opt/airflow/dags
[2025-05-15T14:04:20.526+0000] {manager.py:738} INFO - Searching for files in /opt/airflow/dags
[2025-05-15T14:04:20.532+0000] {manager.py:741} INFO - There are 0 files in /opt/airflow/dags
[2025-05-15T14:09:21.342+0000] {manager.py:738} INFO - Searching for files in /opt/airflow/dags
[2025-05-15T14:09:21.345+0000] {manager.py:741} INFO - There are 0 files in /opt/airflow/dags
[2025-05-15T14:14:22.147+0000] {manager.py:738} INFO - Searching for files in /opt/airflow/dags
[2025-05-15T14:14:22.152+0000] {manager.py:741} INFO - There are 0 files in /opt/airflow/dags
[2025-05-15T14:19:22.921+0000] {manager.py:738} INFO - Searching for files in /opt/airflow/dags
[2025-05-15T14:19:22.925+0000] {manager.py:741} INFO - There are 0 files in /opt/airflow/dags
[2025-05-15T14:24:23.680+0000] {manager.py:738} INFO - Searching for files in /opt/airflow/dags
[2025-05-15T14:24:23.684+0000] {manager.py:741} INFO - There are 0 files in /opt/airflow/dags
[2025-05-15T14:29:24.467+0000] {manager.py:738} INFO - Searching for files in /opt/airflow/dags
[2025-05-15T14:29:24.471+0000] {manager.py:741} INFO - There are 0 files in /opt/airflow/dags
[2025-05-15T14:34:25.145+0000] {manager.py:738} INFO - Searching for files in /opt/airflow/dags
[2025-05-15T14:34:25.150+0000] {manager.py:741} INFO - There are 0 files in /opt/airflow/dags
[2025-05-15T14:39:25.902+0000] {manager.py:738} INFO - Searching for files in /opt/airflow/dags
[2025-05-15T14:39:25.906+0000] {manager.py:741} INFO - There are 0 files in /opt/airflow/dags
[2025-05-15T14:44:26.668+0000] {manager.py:738} INFO - Searching for files in /opt/airflow/dags
[2025-05-15T14:44:26.673+0000] {manager.py:741} INFO - There are 0 files in /opt/airflow/dags
[2025-05-15T14:49:27.441+0000] {manager.py:738} INFO - Searching for files in /opt/airflow/dags
[2025-05-15T14:49:27.443+0000] {manager.py:741} INFO - There are 0 files in /opt/airflow/dags
[2025-05-15T14:54:28.202+0000] {manager.py:738} INFO - Searching for files in /opt/airflow/dags
[2025-05-15T14:54:28.206+0000] {manager.py:741} INFO - There are 0 files in /opt/airflow/dags
[2025-05-15T14:59:28.930+0000] {manager.py:738} INFO - Searching for files in /opt/airflow/dags
[2025-05-15T14:59:28.935+0000] {manager.py:741} INFO - There are 0 files in /opt/airflow/dags
[2025-05-15T15:04:29.752+0000] {manager.py:738} INFO - Searching for files in /opt/airflow/dags
[2025-05-15T15:04:29.756+0000] {manager.py:741} INFO - There are 0 files in /opt/airflow/dags
[2025-05-15T15:09:30.523+0000] {manager.py:738} INFO - Searching for files in /opt/airflow/dags
[2025-05-15T15:09:30.527+0000] {manager.py:741} INFO - There are 0 files in /opt/airflow/dags
[2025-05-15T15:14:31.233+0000] {manager.py:738} INFO - Searching for files in /opt/airflow/dags
[2025-05-15T15:14:31.238+0000] {manager.py:741} INFO - There are 0 files in /opt/airflow/dags
[2025-05-15T15:19:31.991+0000] {manager.py:738} INFO - Searching for files in /opt/airflow/dags
[2025-05-15T15:19:31.996+0000] {manager.py:741} INFO - There are 0 files in /opt/airflow/dags
[2025-05-15T15:24:32.910+0000] {manager.py:738} INFO - Searching for files in /opt/airflow/dags
[2025-05-15T15:24:32.914+0000] {manager.py:741} INFO - There are 0 files in /opt/airflow/dags
[2025-05-15T15:29:33.660+0000] {manager.py:738} INFO - Searching for files in /opt/airflow/dags
[2025-05-15T15:29:33.665+0000] {manager.py:741} INFO - There are 0 files in /opt/airflow/dags
[2025-05-15T15:34:34.378+0000] {manager.py:738} INFO - Searching for files in /opt/airflow/dags
[2025-05-15T15:34:34.381+0000] {manager.py:741} INFO - There are 0 files in /opt/airflow/dags
[2025-05-15T15:39:35.025+0000] {manager.py:738} INFO - Searching for files in /opt/airflow/dags
[2025-05-15T15:39:35.029+0000] {manager.py:741} INFO - There are 0 files in /opt/airflow/dags
[2025-05-15T15:44:35.849+0000] {manager.py:738} INFO - Searching for files in /opt/airflow/dags
[2025-05-15T15:44:35.854+0000] {manager.py:741} INFO - There are 0 files in /opt/airflow/dags
[2025-05-15T15:49:36.602+0000] {manager.py:738} INFO - Searching for files in /opt/airflow/dags
[2025-05-15T15:49:36.607+0000] {manager.py:741} INFO - There are 0 files in /opt/airflow/dags
[2025-05-15T15:54:37.335+0000] {manager.py:738} INFO - Searching for files in /opt/airflow/dags
[2025-05-15T15:54:37.339+0000] {manager.py:741} INFO - There are 0 files in /opt/airflow/dags
[2025-05-15T15:59:38.116+0000] {manager.py:738} INFO - Searching for files in /opt/airflow/dags
[2025-05-15T15:59:38.120+0000] {manager.py:741} INFO - There are 0 files in /opt/airflow/dags
[2025-05-15T16:04:38.844+0000] {manager.py:738} INFO - Searching for files in /opt/airflow/dags
[2025-05-15T16:04:38.849+0000] {manager.py:741} INFO - There are 0 files in /opt/airflow/dags
[2025-05-15T16:09:39.549+0000] {manager.py:738} INFO - Searching for files in /opt/airflow/dags
[2025-05-15T16:09:39.555+0000] {manager.py:741} INFO - There are 0 files in /opt/airflow/dags
[2025-05-15T16:14:40.312+0000] {manager.py:738} INFO - Searching for files in /opt/airflow/dags
[2025-05-15T16:14:40.317+0000] {manager.py:741} INFO - There are 0 files in /opt/airflow/dags
[2025-05-15T16:19:41.055+0000] {manager.py:738} INFO - Searching for files in /opt/airflow/dags
[2025-05-15T16:19:41.060+0000] {manager.py:741} INFO - There are 0 files in /opt/airflow/dags
[2025-05-15T16:24:41.882+0000] {manager.py:738} INFO - Searching for files in /opt/airflow/dags
[2025-05-15T16:24:41.887+0000] {manager.py:741} INFO - There are 0 files in /opt/airflow/dags
[2025-05-15T16:29:42.616+0000] {manager.py:738} INFO - Searching for files in /opt/airflow/dags
[2025-05-15T16:29:42.620+0000] {manager.py:741} INFO - There are 0 files in /opt/airflow/dags
[2025-05-15T16:34:43.368+0000] {manager.py:738} INFO - Searching for files in /opt/airflow/dags
[2025-05-15T16:34:43.373+0000] {manager.py:741} INFO - There are 0 files in /opt/airflow/dags
[2025-05-15T16:39:44.177+0000] {manager.py:738} INFO - Searching for files in /opt/airflow/dags
[2025-05-15T16:39:44.182+0000] {manager.py:741} INFO - There are 0 files in /opt/airflow/dags
[2025-05-15T16:44:45.026+0000] {manager.py:738} INFO - Searching for files in /opt/airflow/dags
[2025-05-15T16:44:45.031+0000] {manager.py:741} INFO - There are 0 files in /opt/airflow/dags
[2025-05-15T16:49:45.803+0000] {manager.py:738} INFO - Searching for files in /opt/airflow/dags
[2025-05-15T16:49:45.808+0000] {manager.py:741} INFO - There are 0 files in /opt/airflow/dags
[2025-05-15T16:54:46.569+0000] {manager.py:738} INFO - Searching for files in /opt/airflow/dags
[2025-05-15T16:54:46.574+0000] {manager.py:741} INFO - There are 0 files in /opt/airflow/dags
[2025-05-15T16:59:47.265+0000] {manager.py:738} INFO - Searching for files in /opt/airflow/dags
[2025-05-15T16:59:47.269+0000] {manager.py:741} INFO - There are 0 files in /opt/airflow/dags
[2025-05-15T17:04:47.990+0000] {manager.py:738} INFO - Searching for files in /opt/airflow/dags
[2025-05-15T17:04:47.994+0000] {manager.py:741} INFO - There are 0 files in /opt/airflow/dags
[2025-05-15T17:09:48.723+0000] {manager.py:738} INFO - Searching for files in /opt/airflow/dags
[2025-05-15T17:09:48.728+0000] {manager.py:741} INFO - There are 0 files in /opt/airflow/dags
[2025-05-15T17:14:49.493+0000] {manager.py:738} INFO - Searching for files in /opt/airflow/dags
[2025-05-15T17:14:49.496+0000] {manager.py:741} INFO - There are 0 files in /opt/airflow/dags
[2025-05-16T09:20:41.959+0000] {manager.py:469} INFO - Processing files using up to 2 processes at a time 
[2025-05-16T09:20:41.960+0000] {manager.py:470} INFO - Process each file at most once every 30 seconds
[2025-05-16T09:20:41.961+0000] {manager.py:471} INFO - Checking for new files in /opt/airflow/dags every 300 seconds
[2025-05-16T09:20:41.961+0000] {manager.py:738} INFO - Searching for files in /opt/airflow/dags
[2025-05-16T09:20:41.963+0000] {manager.py:741} INFO - There are 0 files in /opt/airflow/dags
[2025-05-16T09:25:42.772+0000] {manager.py:738} INFO - Searching for files in /opt/airflow/dags
[2025-05-16T09:25:42.775+0000] {manager.py:741} INFO - There are 0 files in /opt/airflow/dags
[2025-05-16T09:30:43.357+0000] {manager.py:738} INFO - Searching for files in /opt/airflow/dags
[2025-05-16T09:30:43.361+0000] {manager.py:741} INFO - There are 0 files in /opt/airflow/dags
[2025-05-16T09:35:43.923+0000] {manager.py:738} INFO - Searching for files in /opt/airflow/dags
[2025-05-16T09:35:43.927+0000] {manager.py:741} INFO - There are 0 files in /opt/airflow/dags
[2025-05-16T09:40:44.457+0000] {manager.py:738} INFO - Searching for files in /opt/airflow/dags
[2025-05-16T09:40:44.460+0000] {manager.py:741} INFO - There are 0 files in /opt/airflow/dags
[2025-05-16T09:45:45.015+0000] {manager.py:738} INFO - Searching for files in /opt/airflow/dags
[2025-05-16T09:45:45.018+0000] {manager.py:741} INFO - There are 0 files in /opt/airflow/dags
[2025-05-16T09:50:45.584+0000] {manager.py:738} INFO - Searching for files in /opt/airflow/dags
[2025-05-16T09:50:45.586+0000] {manager.py:741} INFO - There are 0 files in /opt/airflow/dags
[2025-05-16T09:55:46.264+0000] {manager.py:738} INFO - Searching for files in /opt/airflow/dags
[2025-05-16T09:55:46.267+0000] {manager.py:741} INFO - There are 0 files in /opt/airflow/dags
[2025-05-16T10:00:46.961+0000] {manager.py:738} INFO - Searching for files in /opt/airflow/dags
[2025-05-16T10:00:46.965+0000] {manager.py:741} INFO - There are 0 files in /opt/airflow/dags
[2025-05-16T10:05:47.502+0000] {manager.py:738} INFO - Searching for files in /opt/airflow/dags
[2025-05-16T10:05:47.504+0000] {manager.py:741} INFO - There are 0 files in /opt/airflow/dags
[2025-05-16T10:10:48.133+0000] {manager.py:738} INFO - Searching for files in /opt/airflow/dags
[2025-05-16T10:10:48.135+0000] {manager.py:741} INFO - There are 0 files in /opt/airflow/dags
[2025-05-16T10:15:48.767+0000] {manager.py:738} INFO - Searching for files in /opt/airflow/dags
[2025-05-16T10:15:48.770+0000] {manager.py:741} INFO - There are 0 files in /opt/airflow/dags
[2025-05-16T10:20:49.400+0000] {manager.py:738} INFO - Searching for files in /opt/airflow/dags
[2025-05-16T10:20:49.403+0000] {manager.py:741} INFO - There are 0 files in /opt/airflow/dags
[2025-05-16T10:25:49.946+0000] {manager.py:738} INFO - Searching for files in /opt/airflow/dags
[2025-05-16T10:25:49.950+0000] {manager.py:741} INFO - There are 0 files in /opt/airflow/dags
[2025-05-16T10:41:47.721+0000] {manager.py:738} INFO - Searching for files in /opt/airflow/dags
[2025-05-16T10:41:47.722+0000] {manager.py:741} INFO - There are 0 files in /opt/airflow/dags
[2025-05-16T10:59:13.618+0000] {manager.py:738} INFO - Searching for files in /opt/airflow/dags
[2025-05-16T10:59:13.619+0000] {manager.py:741} INFO - There are 0 files in /opt/airflow/dags
[2025-05-16T11:20:40.672+0000] {manager.py:738} INFO - Searching for files in /opt/airflow/dags
[2025-05-16T11:20:40.675+0000] {manager.py:741} INFO - There are 0 files in /opt/airflow/dags
[2025-05-16T11:37:21.413+0000] {manager.py:738} INFO - Searching for files in /opt/airflow/dags
[2025-05-16T11:37:21.415+0000] {manager.py:741} INFO - There are 0 files in /opt/airflow/dags
[2025-05-16T11:58:01.873+0000] {manager.py:738} INFO - Searching for files in /opt/airflow/dags
[2025-05-16T11:58:01.876+0000] {manager.py:741} INFO - There are 0 files in /opt/airflow/dags
[2025-05-16T12:15:09.647+0000] {manager.py:738} INFO - Searching for files in /opt/airflow/dags
[2025-05-16T12:15:09.649+0000] {manager.py:741} INFO - There are 0 files in /opt/airflow/dags
[2025-05-16T12:32:57.078+0000] {manager.py:738} INFO - Searching for files in /opt/airflow/dags
[2025-05-16T12:32:57.080+0000] {manager.py:741} INFO - There are 0 files in /opt/airflow/dags
[2025-05-16T12:50:35.763+0000] {manager.py:738} INFO - Searching for files in /opt/airflow/dags
[2025-05-16T12:50:35.764+0000] {manager.py:741} INFO - There are 0 files in /opt/airflow/dags
[2025-05-16T13:08:15.658+0000] {manager.py:738} INFO - Searching for files in /opt/airflow/dags
[2025-05-16T13:08:15.661+0000] {manager.py:741} INFO - There are 0 files in /opt/airflow/dags
[2025-05-16T13:26:08.456+0000] {manager.py:738} INFO - Searching for files in /opt/airflow/dags
[2025-05-16T13:26:08.459+0000] {manager.py:741} INFO - There are 0 files in /opt/airflow/dags
[2025-05-16T13:43:15.228+0000] {manager.py:738} INFO - Searching for files in /opt/airflow/dags
[2025-05-16T13:43:15.230+0000] {manager.py:741} INFO - There are 0 files in /opt/airflow/dags
[2025-05-16T14:00:51.717+0000] {manager.py:738} INFO - Searching for files in /opt/airflow/dags
[2025-05-16T14:00:51.725+0000] {manager.py:741} INFO - There are 0 files in /opt/airflow/dags
[2025-05-16T14:15:40.568+0000] {manager.py:738} INFO - Searching for files in /opt/airflow/dags
[2025-05-16T14:15:40.572+0000] {manager.py:741} INFO - There are 0 files in /opt/airflow/dags
[2025-05-16T14:20:41.054+0000] {manager.py:738} INFO - Searching for files in /opt/airflow/dags
[2025-05-16T14:20:41.057+0000] {manager.py:741} INFO - There are 0 files in /opt/airflow/dags
[2025-05-16T14:25:41.603+0000] {manager.py:738} INFO - Searching for files in /opt/airflow/dags
[2025-05-16T14:25:41.606+0000] {manager.py:741} INFO - There are 0 files in /opt/airflow/dags
[2025-05-16T14:30:42.215+0000] {manager.py:738} INFO - Searching for files in /opt/airflow/dags
[2025-05-16T14:30:42.219+0000] {manager.py:741} INFO - There are 0 files in /opt/airflow/dags
[2025-05-16T14:51:31.194+0000] {manager.py:738} INFO - Searching for files in /opt/airflow/dags
[2025-05-16T14:51:31.196+0000] {manager.py:741} INFO - There are 0 files in /opt/airflow/dags
[2025-05-16T15:08:29.414+0000] {manager.py:738} INFO - Searching for files in /opt/airflow/dags
[2025-05-16T15:08:29.416+0000] {manager.py:741} INFO - There are 0 files in /opt/airflow/dags
[2025-05-16T15:21:25.138+0000] {manager.py:738} INFO - Searching for files in /opt/airflow/dags
[2025-05-16T15:21:25.143+0000] {manager.py:741} INFO - There are 0 files in /opt/airflow/dags
[2025-05-16T15:38:37.201+0000] {manager.py:738} INFO - Searching for files in /opt/airflow/dags
[2025-05-16T15:38:37.202+0000] {manager.py:741} INFO - There are 0 files in /opt/airflow/dags
[2025-05-16T15:57:50.677+0000] {manager.py:738} INFO - Searching for files in /opt/airflow/dags
[2025-05-16T15:57:50.680+0000] {manager.py:741} INFO - There are 0 files in /opt/airflow/dags
[2025-05-16T16:15:52.932+0000] {manager.py:738} INFO - Searching for files in /opt/airflow/dags
[2025-05-16T16:15:52.935+0000] {manager.py:741} INFO - There are 0 files in /opt/airflow/dags
[2025-05-16T16:32:28.499+0000] {manager.py:738} INFO - Searching for files in /opt/airflow/dags
[2025-05-16T16:32:28.502+0000] {manager.py:741} INFO - There are 0 files in /opt/airflow/dags
[2025-05-16T16:48:34.251+0000] {manager.py:738} INFO - Searching for files in /opt/airflow/dags
[2025-05-16T16:48:34.254+0000] {manager.py:741} INFO - There are 0 files in /opt/airflow/dags
[2025-05-16T17:05:10.475+0000] {manager.py:738} INFO - Searching for files in /opt/airflow/dags
[2025-05-16T17:05:10.478+0000] {manager.py:741} INFO - There are 0 files in /opt/airflow/dags
[2025-05-16T17:10:10.559+0000] {manager.py:738} INFO - Searching for files in /opt/airflow/dags
[2025-05-16T17:10:10.563+0000] {manager.py:741} INFO - There are 0 files in /opt/airflow/dags
[2025-05-16T17:29:05.687+0000] {manager.py:738} INFO - Searching for files in /opt/airflow/dags
[2025-05-16T17:29:05.689+0000] {manager.py:741} INFO - There are 0 files in /opt/airflow/dags
[2025-05-16T17:34:06.242+0000] {manager.py:738} INFO - Searching for files in /opt/airflow/dags
[2025-05-16T17:34:06.247+0000] {manager.py:741} INFO - There are 0 files in /opt/airflow/dags
[2025-05-16T17:47:45.709+0000] {manager.py:738} INFO - Searching for files in /opt/airflow/dags
[2025-05-16T17:47:45.716+0000] {manager.py:741} INFO - There are 0 files in /opt/airflow/dags
[2025-05-16T18:06:13.271+0000] {manager.py:738} INFO - Searching for files in /opt/airflow/dags
[2025-05-16T18:06:13.274+0000] {manager.py:741} INFO - There are 0 files in /opt/airflow/dags
[2025-05-16T18:25:54.347+0000] {manager.py:738} INFO - Searching for files in /opt/airflow/dags
[2025-05-16T18:25:54.351+0000] {manager.py:741} INFO - There are 0 files in /opt/airflow/dags
[2025-05-16T18:44:34.769+0000] {manager.py:738} INFO - Searching for files in /opt/airflow/dags
[2025-05-16T18:44:34.772+0000] {manager.py:741} INFO - There are 0 files in /opt/airflow/dags
[2025-05-16T19:02:03.108+0000] {manager.py:738} INFO - Searching for files in /opt/airflow/dags
[2025-05-16T19:02:03.109+0000] {manager.py:741} INFO - There are 0 files in /opt/airflow/dags
[2025-05-16T19:20:00.855+0000] {manager.py:738} INFO - Searching for files in /opt/airflow/dags
[2025-05-16T19:20:00.858+0000] {manager.py:741} INFO - There are 0 files in /opt/airflow/dags
[2025-05-16T19:36:31.838+0000] {manager.py:738} INFO - Searching for files in /opt/airflow/dags
[2025-05-16T19:36:31.842+0000] {manager.py:741} INFO - There are 0 files in /opt/airflow/dags
[2025-05-16T19:54:09.816+0000] {manager.py:738} INFO - Searching for files in /opt/airflow/dags
[2025-05-16T19:54:09.819+0000] {manager.py:741} INFO - There are 0 files in /opt/airflow/dags
[2025-05-16T20:10:57.335+0000] {manager.py:738} INFO - Searching for files in /opt/airflow/dags
[2025-05-16T20:10:57.339+0000] {manager.py:741} INFO - There are 0 files in /opt/airflow/dags
[2025-05-16T20:28:08.069+0000] {manager.py:738} INFO - Searching for files in /opt/airflow/dags
[2025-05-16T20:28:08.071+0000] {manager.py:741} INFO - There are 0 files in /opt/airflow/dags
[2025-05-16T20:46:49.650+0000] {manager.py:738} INFO - Searching for files in /opt/airflow/dags
[2025-05-16T20:46:49.654+0000] {manager.py:741} INFO - There are 0 files in /opt/airflow/dags
[2025-05-16T21:04:16.884+0000] {manager.py:738} INFO - Searching for files in /opt/airflow/dags
[2025-05-16T21:04:16.886+0000] {manager.py:741} INFO - There are 0 files in /opt/airflow/dags
[2025-05-16T21:21:40.549+0000] {manager.py:738} INFO - Searching for files in /opt/airflow/dags
[2025-05-16T21:21:40.552+0000] {manager.py:741} INFO - There are 0 files in /opt/airflow/dags
[2025-05-16T21:38:58.920+0000] {manager.py:738} INFO - Searching for files in /opt/airflow/dags
[2025-05-16T21:38:58.923+0000] {manager.py:741} INFO - There are 0 files in /opt/airflow/dags
[2025-05-16T21:55:00.562+0000] {manager.py:738} INFO - Searching for files in /opt/airflow/dags
[2025-05-16T21:55:00.569+0000] {manager.py:741} INFO - There are 0 files in /opt/airflow/dags
[2025-05-16T22:13:02.390+0000] {manager.py:738} INFO - Searching for files in /opt/airflow/dags
[2025-05-16T22:13:02.392+0000] {manager.py:741} INFO - There are 0 files in /opt/airflow/dags
[2025-05-16T22:30:18.378+0000] {manager.py:738} INFO - Searching for files in /opt/airflow/dags
[2025-05-16T22:30:18.380+0000] {manager.py:741} INFO - There are 0 files in /opt/airflow/dags
[2025-05-16T22:48:50.006+0000] {manager.py:738} INFO - Searching for files in /opt/airflow/dags
[2025-05-16T22:48:50.007+0000] {manager.py:741} INFO - There are 0 files in /opt/airflow/dags
[2025-05-16T22:56:21.064+0000] {manager.py:738} INFO - Searching for files in /opt/airflow/dags
[2025-05-16T22:56:21.066+0000] {manager.py:741} INFO - There are 0 files in /opt/airflow/dags
[2025-05-16T23:15:09.832+0000] {manager.py:738} INFO - Searching for files in /opt/airflow/dags
[2025-05-16T23:15:09.836+0000] {manager.py:741} INFO - There are 0 files in /opt/airflow/dags
[2025-05-16T23:32:33.610+0000] {manager.py:738} INFO - Searching for files in /opt/airflow/dags
[2025-05-16T23:32:33.612+0000] {manager.py:741} INFO - There are 0 files in /opt/airflow/dags
[2025-05-16T23:49:25.253+0000] {manager.py:738} INFO - Searching for files in /opt/airflow/dags
[2025-05-16T23:49:25.255+0000] {manager.py:741} INFO - There are 0 files in /opt/airflow/dags
[2025-05-16T23:57:04.691+0000] {manager.py:738} INFO - Searching for files in /opt/airflow/dags
[2025-05-16T23:57:04.693+0000] {manager.py:741} INFO - There are 0 files in /opt/airflow/dags
[2025-05-17T00:14:24.552+0000] {manager.py:738} INFO - Searching for files in /opt/airflow/dags
[2025-05-17T00:14:24.554+0000] {manager.py:741} INFO - There are 0 files in /opt/airflow/dags
[2025-05-17T00:31:31.069+0000] {manager.py:738} INFO - Searching for files in /opt/airflow/dags
[2025-05-17T00:31:31.071+0000] {manager.py:741} INFO - There are 0 files in /opt/airflow/dags
[2025-05-17T00:48:15.991+0000] {manager.py:738} INFO - Searching for files in /opt/airflow/dags
[2025-05-17T00:48:15.992+0000] {manager.py:741} INFO - There are 0 files in /opt/airflow/dags
[2025-05-17T00:53:28.872+0000] {manager.py:738} INFO - Searching for files in /opt/airflow/dags
[2025-05-17T00:53:28.882+0000] {manager.py:741} INFO - There are 0 files in /opt/airflow/dags
[2025-05-17T00:58:29.722+0000] {manager.py:738} INFO - Searching for files in /opt/airflow/dags
[2025-05-17T00:58:29.725+0000] {manager.py:741} INFO - There are 0 files in /opt/airflow/dags
[2025-05-17T01:15:10.382+0000] {manager.py:738} INFO - Searching for files in /opt/airflow/dags
[2025-05-17T01:15:10.386+0000] {manager.py:741} INFO - There are 0 files in /opt/airflow/dags
[2025-05-17T01:34:46.811+0000] {manager.py:738} INFO - Searching for files in /opt/airflow/dags
[2025-05-17T01:34:46.815+0000] {manager.py:741} INFO - There are 0 files in /opt/airflow/dags
[2025-05-17T01:46:45.109+0000] {manager.py:738} INFO - Searching for files in /opt/airflow/dags
[2025-05-17T01:46:45.113+0000] {manager.py:741} INFO - There are 0 files in /opt/airflow/dags
[2025-05-17T02:04:46.686+0000] {manager.py:738} INFO - Searching for files in /opt/airflow/dags
[2025-05-17T02:04:46.690+0000] {manager.py:741} INFO - There are 0 files in /opt/airflow/dags
[2025-05-17T02:22:50.966+0000] {manager.py:738} INFO - Searching for files in /opt/airflow/dags
[2025-05-17T02:22:50.971+0000] {manager.py:741} INFO - There are 0 files in /opt/airflow/dags
[2025-05-17T02:39:48.151+0000] {manager.py:738} INFO - Searching for files in /opt/airflow/dags
[2025-05-17T02:39:48.155+0000] {manager.py:741} INFO - There are 0 files in /opt/airflow/dags
[2025-05-17T02:57:57.612+0000] {manager.py:738} INFO - Searching for files in /opt/airflow/dags
[2025-05-17T02:57:57.619+0000] {manager.py:741} INFO - There are 0 files in /opt/airflow/dags
[2025-05-17T03:14:46.284+0000] {manager.py:738} INFO - Searching for files in /opt/airflow/dags
[2025-05-17T03:14:46.287+0000] {manager.py:741} INFO - There are 0 files in /opt/airflow/dags
[2025-05-17T03:31:04.112+0000] {manager.py:738} INFO - Searching for files in /opt/airflow/dags
[2025-05-17T03:31:04.115+0000] {manager.py:741} INFO - There are 0 files in /opt/airflow/dags
[2025-05-17T03:46:55.734+0000] {manager.py:738} INFO - Searching for files in /opt/airflow/dags
[2025-05-17T03:46:55.737+0000] {manager.py:741} INFO - There are 0 files in /opt/airflow/dags
[2025-05-17T03:47:41.665+0000] {manager.py:469} INFO - Processing files using up to 2 processes at a time 
[2025-05-17T03:47:41.666+0000] {manager.py:470} INFO - Process each file at most once every 30 seconds
[2025-05-17T03:47:41.666+0000] {manager.py:471} INFO - Checking for new files in /opt/airflow/dags every 300 seconds
[2025-05-17T03:47:41.666+0000] {manager.py:738} INFO - Searching for files in /opt/airflow/dags
[2025-05-17T03:47:41.667+0000] {manager.py:741} INFO - There are 0 files in /opt/airflow/dags
[2025-05-17T04:03:17.194+0000] {manager.py:738} INFO - Searching for files in /opt/airflow/dags
[2025-05-17T04:03:17.196+0000] {manager.py:741} INFO - There are 0 files in /opt/airflow/dags
[2025-05-17T04:20:10.595+0000] {manager.py:738} INFO - Searching for files in /opt/airflow/dags
[2025-05-17T04:20:10.598+0000] {manager.py:741} INFO - There are 0 files in /opt/airflow/dags
[2025-05-17T04:37:01.826+0000] {manager.py:738} INFO - Searching for files in /opt/airflow/dags
[2025-05-17T04:37:01.828+0000] {manager.py:741} INFO - There are 0 files in /opt/airflow/dags
[2025-05-17T04:42:02.649+0000] {manager.py:738} INFO - Searching for files in /opt/airflow/dags
[2025-05-17T04:42:02.653+0000] {manager.py:741} INFO - There are 0 files in /opt/airflow/dags
[2025-05-17T04:59:43.901+0000] {manager.py:738} INFO - Searching for files in /opt/airflow/dags
[2025-05-17T04:59:43.903+0000] {manager.py:741} INFO - There are 0 files in /opt/airflow/dags
[2025-05-17T05:16:03.481+0000] {manager.py:738} INFO - Searching for files in /opt/airflow/dags
[2025-05-17T05:16:03.483+0000] {manager.py:741} INFO - There are 0 files in /opt/airflow/dags
[2025-05-17T05:32:29.408+0000] {manager.py:738} INFO - Searching for files in /opt/airflow/dags
[2025-05-17T05:32:29.410+0000] {manager.py:741} INFO - There are 0 files in /opt/airflow/dags
[2025-05-17T05:42:33.750+0000] {manager.py:738} INFO - Searching for files in /opt/airflow/dags
[2025-05-17T05:42:33.753+0000] {manager.py:741} INFO - There are 0 files in /opt/airflow/dags
[2025-05-17T05:51:26.268+0000] {manager.py:738} INFO - Searching for files in /opt/airflow/dags
[2025-05-17T05:51:26.276+0000] {manager.py:741} INFO - There are 0 files in /opt/airflow/dags
[2025-05-17T05:56:26.677+0000] {manager.py:738} INFO - Searching for files in /opt/airflow/dags
[2025-05-17T05:56:26.680+0000] {manager.py:741} INFO - There are 0 files in /opt/airflow/dags
[2025-05-17T06:12:42.027+0000] {manager.py:738} INFO - Searching for files in /opt/airflow/dags
[2025-05-17T06:12:42.029+0000] {manager.py:741} INFO - There are 0 files in /opt/airflow/dags
[2025-05-17T06:31:47.074+0000] {manager.py:738} INFO - Searching for files in /opt/airflow/dags
[2025-05-17T06:31:47.082+0000] {manager.py:741} INFO - There are 0 files in /opt/airflow/dags
[2025-05-17T06:50:43.524+0000] {manager.py:738} INFO - Searching for files in /opt/airflow/dags
[2025-05-17T06:50:43.530+0000] {manager.py:741} INFO - There are 0 files in /opt/airflow/dags
[2025-05-17T07:09:19.075+0000] {manager.py:738} INFO - Searching for files in /opt/airflow/dags
[2025-05-17T07:09:19.078+0000] {manager.py:741} INFO - There are 0 files in /opt/airflow/dags
[2025-05-17T07:26:30.061+0000] {manager.py:738} INFO - Searching for files in /opt/airflow/dags
[2025-05-17T07:26:30.064+0000] {manager.py:741} INFO - There are 0 files in /opt/airflow/dags
[2025-05-17T07:44:59.080+0000] {manager.py:738} INFO - Searching for files in /opt/airflow/dags
[2025-05-17T07:44:59.082+0000] {manager.py:741} INFO - There are 0 files in /opt/airflow/dags
[2025-05-17T08:01:55.168+0000] {manager.py:738} INFO - Searching for files in /opt/airflow/dags
[2025-05-17T08:01:55.170+0000] {manager.py:741} INFO - There are 0 files in /opt/airflow/dags
[2025-05-17T08:19:30.754+0000] {manager.py:738} INFO - Searching for files in /opt/airflow/dags
[2025-05-17T08:19:30.756+0000] {manager.py:741} INFO - There are 0 files in /opt/airflow/dags
[2025-05-17T08:35:11.426+0000] {manager.py:738} INFO - Searching for files in /opt/airflow/dags
[2025-05-17T08:35:11.428+0000] {manager.py:741} INFO - There are 0 files in /opt/airflow/dags
[2025-05-17T08:51:46.730+0000] {manager.py:738} INFO - Searching for files in /opt/airflow/dags
[2025-05-17T08:51:46.732+0000] {manager.py:741} INFO - There are 0 files in /opt/airflow/dags
[2025-05-17T09:09:16.508+0000] {manager.py:738} INFO - Searching for files in /opt/airflow/dags
[2025-05-17T09:09:16.510+0000] {manager.py:741} INFO - There are 0 files in /opt/airflow/dags
[2025-05-17T09:18:10.320+0000] {manager.py:738} INFO - Searching for files in /opt/airflow/dags
[2025-05-17T09:18:10.325+0000] {manager.py:741} INFO - There are 0 files in /opt/airflow/dags
[2025-05-17T09:23:11.280+0000] {manager.py:738} INFO - Searching for files in /opt/airflow/dags
[2025-05-17T09:23:11.283+0000] {manager.py:741} INFO - There are 0 files in /opt/airflow/dags
[2025-05-17T09:29:15.222+0000] {manager.py:738} INFO - Searching for files in /opt/airflow/dags
[2025-05-17T09:29:15.224+0000] {manager.py:741} INFO - There are 0 files in /opt/airflow/dags
[2025-05-17T09:46:01.711+0000] {manager.py:738} INFO - Searching for files in /opt/airflow/dags
[2025-05-17T09:46:01.712+0000] {manager.py:741} INFO - There are 0 files in /opt/airflow/dags
[2025-05-17T09:59:48.539+0000] {manager.py:738} INFO - Searching for files in /opt/airflow/dags
[2025-05-17T09:59:48.542+0000] {manager.py:741} INFO - There are 0 files in /opt/airflow/dags
[2025-05-17T10:18:17.676+0000] {manager.py:738} INFO - Searching for files in /opt/airflow/dags
[2025-05-17T10:18:17.678+0000] {manager.py:741} INFO - There are 0 files in /opt/airflow/dags
[2025-05-17T10:34:56.298+0000] {manager.py:738} INFO - Searching for files in /opt/airflow/dags
[2025-05-17T10:34:56.308+0000] {manager.py:741} INFO - There are 0 files in /opt/airflow/dags
[2025-05-17T10:52:52.255+0000] {manager.py:738} INFO - Searching for files in /opt/airflow/dags
[2025-05-17T10:52:52.263+0000] {manager.py:741} INFO - There are 0 files in /opt/airflow/dags
[2025-05-17T11:11:34.095+0000] {manager.py:738} INFO - Searching for files in /opt/airflow/dags
[2025-05-17T11:11:34.097+0000] {manager.py:741} INFO - There are 0 files in /opt/airflow/dags
[2025-05-17T11:30:34.587+0000] {manager.py:738} INFO - Searching for files in /opt/airflow/dags
[2025-05-17T11:30:34.589+0000] {manager.py:741} INFO - There are 0 files in /opt/airflow/dags
[2025-05-17T11:47:32.705+0000] {manager.py:738} INFO - Searching for files in /opt/airflow/dags
[2025-05-17T11:47:32.708+0000] {manager.py:741} INFO - There are 0 files in /opt/airflow/dags
[2025-05-17T12:03:49.498+0000] {manager.py:738} INFO - Searching for files in /opt/airflow/dags
[2025-05-17T12:03:49.500+0000] {manager.py:741} INFO - There are 0 files in /opt/airflow/dags
[2025-05-17T12:20:12.154+0000] {manager.py:738} INFO - Searching for files in /opt/airflow/dags
[2025-05-17T12:20:12.156+0000] {manager.py:741} INFO - There are 0 files in /opt/airflow/dags
[2025-05-17T12:37:15.777+0000] {manager.py:738} INFO - Searching for files in /opt/airflow/dags
[2025-05-17T12:37:15.778+0000] {manager.py:741} INFO - There are 0 files in /opt/airflow/dags
[2025-05-17T12:52:48.435+0000] {manager.py:738} INFO - Searching for files in /opt/airflow/dags
[2025-05-17T12:52:48.436+0000] {manager.py:741} INFO - There are 0 files in /opt/airflow/dags
[2025-05-17T13:09:16.265+0000] {manager.py:738} INFO - Searching for files in /opt/airflow/dags
[2025-05-17T13:09:16.268+0000] {manager.py:741} INFO - There are 0 files in /opt/airflow/dags
[2025-05-17T13:25:20.053+0000] {manager.py:738} INFO - Searching for files in /opt/airflow/dags
[2025-05-17T13:25:20.055+0000] {manager.py:741} INFO - There are 0 files in /opt/airflow/dags
[2025-05-17T13:32:12.520+0000] {manager.py:738} INFO - Searching for files in /opt/airflow/dags
[2025-05-17T13:32:12.523+0000] {manager.py:741} INFO - There are 0 files in /opt/airflow/dags
[2025-05-17T13:50:11.647+0000] {manager.py:738} INFO - Searching for files in /opt/airflow/dags
[2025-05-17T13:50:11.649+0000] {manager.py:741} INFO - There are 0 files in /opt/airflow/dags
[2025-05-17T13:55:11.901+0000] {manager.py:738} INFO - Searching for files in /opt/airflow/dags
[2025-05-17T13:55:11.905+0000] {manager.py:741} INFO - There are 0 files in /opt/airflow/dags
[2025-05-17T14:00:12.502+0000] {manager.py:738} INFO - Searching for files in /opt/airflow/dags
[2025-05-17T14:00:12.504+0000] {manager.py:741} INFO - There are 0 files in /opt/airflow/dags
[2025-05-17T14:05:13.147+0000] {manager.py:738} INFO - Searching for files in /opt/airflow/dags
[2025-05-17T14:05:13.149+0000] {manager.py:741} INFO - There are 0 files in /opt/airflow/dags
[2025-05-17T14:10:13.699+0000] {manager.py:738} INFO - Searching for files in /opt/airflow/dags
[2025-05-17T14:10:13.700+0000] {manager.py:741} INFO - There are 0 files in /opt/airflow/dags
[2025-05-17T14:15:14.328+0000] {manager.py:738} INFO - Searching for files in /opt/airflow/dags
[2025-05-17T14:15:14.331+0000] {manager.py:741} INFO - There are 0 files in /opt/airflow/dags
[2025-05-17T14:24:17.957+0000] {manager.py:738} INFO - Searching for files in /opt/airflow/dags
[2025-05-17T14:24:17.960+0000] {manager.py:741} INFO - There are 0 files in /opt/airflow/dags
[2025-05-17T14:29:18.568+0000] {manager.py:738} INFO - Searching for files in /opt/airflow/dags
[2025-05-17T14:29:18.571+0000] {manager.py:741} INFO - There are 0 files in /opt/airflow/dags
[2025-05-17T14:34:19.262+0000] {manager.py:738} INFO - Searching for files in /opt/airflow/dags
[2025-05-17T14:34:19.267+0000] {manager.py:741} INFO - There are 0 files in /opt/airflow/dags
[2025-05-17T14:39:19.867+0000] {manager.py:738} INFO - Searching for files in /opt/airflow/dags
[2025-05-17T14:39:19.871+0000] {manager.py:741} INFO - There are 0 files in /opt/airflow/dags
[2025-05-17T14:44:20.469+0000] {manager.py:738} INFO - Searching for files in /opt/airflow/dags
[2025-05-17T14:44:20.472+0000] {manager.py:741} INFO - There are 0 files in /opt/airflow/dags
[2025-05-17T14:49:21.144+0000] {manager.py:738} INFO - Searching for files in /opt/airflow/dags
[2025-05-17T14:49:21.149+0000] {manager.py:741} INFO - There are 0 files in /opt/airflow/dags
[2025-05-17T15:08:40.445+0000] {manager.py:738} INFO - Searching for files in /opt/airflow/dags
[2025-05-17T15:08:40.450+0000] {manager.py:741} INFO - There are 0 files in /opt/airflow/dags
[2025-05-17T15:25:22.716+0000] {manager.py:738} INFO - Searching for files in /opt/airflow/dags
[2025-05-17T15:25:22.731+0000] {manager.py:741} INFO - There are 0 files in /opt/airflow/dags
[2025-05-17T15:41:51.284+0000] {manager.py:738} INFO - Searching for files in /opt/airflow/dags
[2025-05-17T15:41:51.288+0000] {manager.py:741} INFO - There are 0 files in /opt/airflow/dags
[2025-05-17T15:58:54.754+0000] {manager.py:738} INFO - Searching for files in /opt/airflow/dags
[2025-05-17T15:58:54.759+0000] {manager.py:741} INFO - There are 0 files in /opt/airflow/dags
[2025-05-17T16:17:57.221+0000] {manager.py:738} INFO - Searching for files in /opt/airflow/dags
[2025-05-17T16:17:57.225+0000] {manager.py:741} INFO - There are 0 files in /opt/airflow/dags
[2025-05-17T16:34:51.323+0000] {manager.py:738} INFO - Searching for files in /opt/airflow/dags
[2025-05-17T16:34:51.334+0000] {manager.py:741} INFO - There are 0 files in /opt/airflow/dags
[2025-05-17T16:52:27.049+0000] {manager.py:738} INFO - Searching for files in /opt/airflow/dags
[2025-05-17T16:52:27.054+0000] {manager.py:741} INFO - There are 0 files in /opt/airflow/dags
[2025-05-17T17:10:01.782+0000] {manager.py:738} INFO - Searching for files in /opt/airflow/dags
[2025-05-17T17:10:01.784+0000] {manager.py:741} INFO - There are 0 files in /opt/airflow/dags
[2025-05-17T17:28:01.089+0000] {manager.py:738} INFO - Searching for files in /opt/airflow/dags
[2025-05-17T17:28:01.090+0000] {manager.py:741} INFO - There are 0 files in /opt/airflow/dags
[2025-05-17T17:41:53.841+0000] {manager.py:738} INFO - Searching for files in /opt/airflow/dags
[2025-05-17T17:41:53.843+0000] {manager.py:741} INFO - There are 0 files in /opt/airflow/dags
[2025-05-17T17:46:54.684+0000] {manager.py:738} INFO - Searching for files in /opt/airflow/dags
[2025-05-17T17:46:54.686+0000] {manager.py:741} INFO - There are 0 files in /opt/airflow/dags
[2025-05-17T18:04:19.757+0000] {manager.py:738} INFO - Searching for files in /opt/airflow/dags
[2025-05-17T18:04:19.762+0000] {manager.py:741} INFO - There are 0 files in /opt/airflow/dags
[2025-05-17T18:12:42.219+0000] {manager.py:738} INFO - Searching for files in /opt/airflow/dags
[2025-05-17T18:12:42.223+0000] {manager.py:741} INFO - There are 0 files in /opt/airflow/dags
[2025-05-17T18:30:08.968+0000] {manager.py:738} INFO - Searching for files in /opt/airflow/dags
[2025-05-17T18:30:08.971+0000] {manager.py:741} INFO - There are 0 files in /opt/airflow/dags
[2025-05-17T18:47:44.918+0000] {manager.py:738} INFO - Searching for files in /opt/airflow/dags
[2025-05-17T18:47:44.923+0000] {manager.py:741} INFO - There are 0 files in /opt/airflow/dags
[2025-05-17T19:04:21.364+0000] {manager.py:738} INFO - Searching for files in /opt/airflow/dags
[2025-05-17T19:04:21.368+0000] {manager.py:741} INFO - There are 0 files in /opt/airflow/dags
[2025-05-17T19:21:11.133+0000] {manager.py:738} INFO - Searching for files in /opt/airflow/dags
[2025-05-17T19:21:11.136+0000] {manager.py:741} INFO - There are 0 files in /opt/airflow/dags
[2025-05-17T19:38:18.487+0000] {manager.py:738} INFO - Searching for files in /opt/airflow/dags
[2025-05-17T19:38:18.491+0000] {manager.py:741} INFO - There are 0 files in /opt/airflow/dags
[2025-05-17T19:54:51.048+0000] {manager.py:738} INFO - Searching for files in /opt/airflow/dags
[2025-05-17T19:54:51.052+0000] {manager.py:741} INFO - There are 0 files in /opt/airflow/dags
[2025-05-17T20:11:06.281+0000] {manager.py:738} INFO - Searching for files in /opt/airflow/dags
[2025-05-17T20:11:06.288+0000] {manager.py:741} INFO - There are 0 files in /opt/airflow/dags
[2025-05-17T20:28:28.034+0000] {manager.py:738} INFO - Searching for files in /opt/airflow/dags
[2025-05-17T20:28:28.036+0000] {manager.py:741} INFO - There are 0 files in /opt/airflow/dags
[2025-05-17T20:45:50.815+0000] {manager.py:738} INFO - Searching for files in /opt/airflow/dags
[2025-05-17T20:45:50.817+0000] {manager.py:741} INFO - There are 0 files in /opt/airflow/dags
[2025-05-17T21:01:34.431+0000] {manager.py:738} INFO - Searching for files in /opt/airflow/dags
[2025-05-17T21:01:34.433+0000] {manager.py:741} INFO - There are 0 files in /opt/airflow/dags
[2025-05-17T21:19:13.045+0000] {manager.py:738} INFO - Searching for files in /opt/airflow/dags
[2025-05-17T21:19:13.046+0000] {manager.py:741} INFO - There are 0 files in /opt/airflow/dags
[2025-05-17T21:36:30.813+0000] {manager.py:738} INFO - Searching for files in /opt/airflow/dags
[2025-05-17T21:36:30.816+0000] {manager.py:741} INFO - There are 0 files in /opt/airflow/dags
[2025-05-17T21:56:58.897+0000] {manager.py:738} INFO - Searching for files in /opt/airflow/dags
[2025-05-17T21:56:58.899+0000] {manager.py:741} INFO - There are 0 files in /opt/airflow/dags
[2025-05-17T22:13:47.991+0000] {manager.py:738} INFO - Searching for files in /opt/airflow/dags
[2025-05-17T22:13:47.993+0000] {manager.py:741} INFO - There are 0 files in /opt/airflow/dags
[2025-05-17T22:31:16.891+0000] {manager.py:738} INFO - Searching for files in /opt/airflow/dags
[2025-05-17T22:31:16.894+0000] {manager.py:741} INFO - There are 0 files in /opt/airflow/dags
[2025-05-17T22:40:48.499+0000] {manager.py:738} INFO - Searching for files in /opt/airflow/dags
[2025-05-17T22:40:48.502+0000] {manager.py:741} INFO - There are 0 files in /opt/airflow/dags
[2025-05-17T23:00:48.034+0000] {manager.py:738} INFO - Searching for files in /opt/airflow/dags
[2025-05-17T23:00:48.037+0000] {manager.py:741} INFO - There are 0 files in /opt/airflow/dags
[2025-05-17T23:19:27.403+0000] {manager.py:738} INFO - Searching for files in /opt/airflow/dags
[2025-05-17T23:19:27.405+0000] {manager.py:741} INFO - There are 0 files in /opt/airflow/dags
[2025-05-17T23:36:27.063+0000] {manager.py:738} INFO - Searching for files in /opt/airflow/dags
[2025-05-17T23:36:27.066+0000] {manager.py:741} INFO - There are 0 files in /opt/airflow/dags
[2025-05-17T23:42:02.876+0000] {manager.py:738} INFO - Searching for files in /opt/airflow/dags
[2025-05-17T23:42:02.880+0000] {manager.py:741} INFO - There are 0 files in /opt/airflow/dags
[2025-05-17T23:52:15.789+0000] {manager.py:738} INFO - Searching for files in /opt/airflow/dags
[2025-05-17T23:52:15.791+0000] {manager.py:741} INFO - There are 0 files in /opt/airflow/dags
[2025-05-18T00:08:15.502+0000] {manager.py:738} INFO - Searching for files in /opt/airflow/dags
[2025-05-18T00:08:15.505+0000] {manager.py:741} INFO - There are 0 files in /opt/airflow/dags
[2025-05-18T00:28:30.219+0000] {manager.py:738} INFO - Searching for files in /opt/airflow/dags
[2025-05-18T00:28:30.222+0000] {manager.py:741} INFO - There are 0 files in /opt/airflow/dags
[2025-05-18T00:42:45.823+0000] {manager.py:738} INFO - Searching for files in /opt/airflow/dags
[2025-05-18T00:42:45.824+0000] {manager.py:741} INFO - There are 0 files in /opt/airflow/dags
[2025-05-18T00:59:52.546+0000] {manager.py:738} INFO - Searching for files in /opt/airflow/dags
[2025-05-18T00:59:52.550+0000] {manager.py:741} INFO - There are 0 files in /opt/airflow/dags
[2025-05-18T01:17:08.907+0000] {manager.py:738} INFO - Searching for files in /opt/airflow/dags
[2025-05-18T01:17:08.909+0000] {manager.py:741} INFO - There are 0 files in /opt/airflow/dags
[2025-05-18T01:32:57.527+0000] {manager.py:738} INFO - Searching for files in /opt/airflow/dags
[2025-05-18T01:32:57.528+0000] {manager.py:741} INFO - There are 0 files in /opt/airflow/dags
[2025-05-18T01:43:46.158+0000] {manager.py:738} INFO - Searching for files in /opt/airflow/dags
[2025-05-18T01:43:46.167+0000] {manager.py:741} INFO - There are 0 files in /opt/airflow/dags
[2025-05-18T02:00:35.170+0000] {manager.py:738} INFO - Searching for files in /opt/airflow/dags
[2025-05-18T02:00:35.172+0000] {manager.py:741} INFO - There are 0 files in /opt/airflow/dags
[2025-05-18T02:18:42.721+0000] {manager.py:738} INFO - Searching for files in /opt/airflow/dags
[2025-05-18T02:18:42.723+0000] {manager.py:741} INFO - There are 0 files in /opt/airflow/dags
[2025-05-18T02:25:46.602+0000] {manager.py:738} INFO - Searching for files in /opt/airflow/dags
[2025-05-18T02:25:46.604+0000] {manager.py:741} INFO - There are 0 files in /opt/airflow/dags
[2025-05-18T02:42:02.587+0000] {manager.py:738} INFO - Searching for files in /opt/airflow/dags
[2025-05-18T02:42:02.599+0000] {manager.py:741} INFO - There are 0 files in /opt/airflow/dags
[2025-05-18T03:01:12.706+0000] {manager.py:738} INFO - Searching for files in /opt/airflow/dags
[2025-05-18T03:01:12.710+0000] {manager.py:741} INFO - There are 0 files in /opt/airflow/dags
[2025-05-18T03:19:58.196+0000] {manager.py:738} INFO - Searching for files in /opt/airflow/dags
[2025-05-18T03:19:58.199+0000] {manager.py:741} INFO - There are 0 files in /opt/airflow/dags
[2025-05-18T03:36:58.622+0000] {manager.py:738} INFO - Searching for files in /opt/airflow/dags
[2025-05-18T03:36:58.623+0000] {manager.py:741} INFO - There are 0 files in /opt/airflow/dags
[2025-05-18T03:45:41.541+0000] {manager.py:738} INFO - Searching for files in /opt/airflow/dags
[2025-05-18T03:45:41.543+0000] {manager.py:741} INFO - There are 0 files in /opt/airflow/dags
[2025-05-18T04:01:40.981+0000] {manager.py:738} INFO - Searching for files in /opt/airflow/dags
[2025-05-18T04:01:40.984+0000] {manager.py:741} INFO - There are 0 files in /opt/airflow/dags
[2025-05-18T04:19:32.606+0000] {manager.py:738} INFO - Searching for files in /opt/airflow/dags
[2025-05-18T04:19:32.609+0000] {manager.py:741} INFO - There are 0 files in /opt/airflow/dags
[2025-05-18T04:36:47.367+0000] {manager.py:738} INFO - Searching for files in /opt/airflow/dags
[2025-05-18T04:36:47.373+0000] {manager.py:741} INFO - There are 0 files in /opt/airflow/dags
[2025-05-18T04:47:08.088+0000] {manager.py:738} INFO - Searching for files in /opt/airflow/dags
[2025-05-18T04:47:08.091+0000] {manager.py:741} INFO - There are 0 files in /opt/airflow/dags
[2025-05-18T05:03:54.805+0000] {manager.py:738} INFO - Searching for files in /opt/airflow/dags
[2025-05-18T05:03:54.806+0000] {manager.py:741} INFO - There are 0 files in /opt/airflow/dags
[2025-05-18T05:21:49.989+0000] {manager.py:738} INFO - Searching for files in /opt/airflow/dags
[2025-05-18T05:21:49.995+0000] {manager.py:741} INFO - There are 0 files in /opt/airflow/dags
[2025-05-18T05:38:00.801+0000] {manager.py:738} INFO - Searching for files in /opt/airflow/dags
[2025-05-18T05:38:00.804+0000] {manager.py:741} INFO - There are 0 files in /opt/airflow/dags
[2025-05-18T05:43:01.457+0000] {manager.py:738} INFO - Searching for files in /opt/airflow/dags
[2025-05-18T05:43:01.462+0000] {manager.py:741} INFO - There are 0 files in /opt/airflow/dags
[2025-05-18T05:48:04.823+0000] {manager.py:738} INFO - Searching for files in /opt/airflow/dags
[2025-05-18T05:48:04.825+0000] {manager.py:741} INFO - There are 0 files in /opt/airflow/dags
[2025-05-18T06:04:01.335+0000] {manager.py:738} INFO - Searching for files in /opt/airflow/dags
[2025-05-18T06:04:01.339+0000] {manager.py:741} INFO - There are 0 files in /opt/airflow/dags
[2025-05-18T06:20:36.316+0000] {manager.py:738} INFO - Searching for files in /opt/airflow/dags
[2025-05-18T06:20:36.318+0000] {manager.py:741} INFO - There are 0 files in /opt/airflow/dags
[2025-05-18T06:38:26.072+0000] {manager.py:738} INFO - Searching for files in /opt/airflow/dags
[2025-05-18T06:38:26.075+0000] {manager.py:741} INFO - There are 0 files in /opt/airflow/dags
[2025-05-18T06:49:04.115+0000] {manager.py:738} INFO - Searching for files in /opt/airflow/dags
[2025-05-18T06:49:04.118+0000] {manager.py:741} INFO - There are 0 files in /opt/airflow/dags
[2025-05-18T07:06:19.216+0000] {manager.py:738} INFO - Searching for files in /opt/airflow/dags
[2025-05-18T07:06:19.220+0000] {manager.py:741} INFO - There are 0 files in /opt/airflow/dags
[2025-05-18T07:24:19.771+0000] {manager.py:738} INFO - Searching for files in /opt/airflow/dags
[2025-05-18T07:24:19.775+0000] {manager.py:741} INFO - There are 0 files in /opt/airflow/dags
[2025-05-18T07:40:34.526+0000] {manager.py:738} INFO - Searching for files in /opt/airflow/dags
[2025-05-18T07:40:34.528+0000] {manager.py:741} INFO - There are 0 files in /opt/airflow/dags
[2025-05-18T07:49:49.363+0000] {manager.py:738} INFO - Searching for files in /opt/airflow/dags
[2025-05-18T07:49:49.366+0000] {manager.py:741} INFO - There are 0 files in /opt/airflow/dags
[2025-05-18T08:06:48.992+0000] {manager.py:738} INFO - Searching for files in /opt/airflow/dags
[2025-05-18T08:06:48.994+0000] {manager.py:741} INFO - There are 0 files in /opt/airflow/dags
[2025-05-18T08:23:04.543+0000] {manager.py:738} INFO - Searching for files in /opt/airflow/dags
[2025-05-18T08:23:04.546+0000] {manager.py:741} INFO - There are 0 files in /opt/airflow/dags
[2025-05-18T08:39:39.310+0000] {manager.py:738} INFO - Searching for files in /opt/airflow/dags
[2025-05-18T08:39:39.313+0000] {manager.py:741} INFO - There are 0 files in /opt/airflow/dags
[2025-05-18T08:51:04.782+0000] {manager.py:738} INFO - Searching for files in /opt/airflow/dags
[2025-05-18T08:51:04.785+0000] {manager.py:741} INFO - There are 0 files in /opt/airflow/dags
[2025-05-18T09:08:21.777+0000] {manager.py:738} INFO - Searching for files in /opt/airflow/dags
[2025-05-18T09:08:21.779+0000] {manager.py:741} INFO - There are 0 files in /opt/airflow/dags
[2025-05-18T09:23:59.519+0000] {manager.py:738} INFO - Searching for files in /opt/airflow/dags
[2025-05-18T09:23:59.523+0000] {manager.py:741} INFO - There are 0 files in /opt/airflow/dags
[2025-05-18T09:33:40.010+0000] {manager.py:738} INFO - Searching for files in /opt/airflow/dags
[2025-05-18T09:33:40.013+0000] {manager.py:741} INFO - There are 0 files in /opt/airflow/dags
[2025-05-18T12:37:50.206+0000] {manager.py:469} INFO - Processing files using up to 2 processes at a time 
[2025-05-18T12:37:50.206+0000] {manager.py:470} INFO - Process each file at most once every 30 seconds
[2025-05-18T12:37:50.207+0000] {manager.py:471} INFO - Checking for new files in /opt/airflow/dags every 300 seconds
[2025-05-18T12:37:50.207+0000] {manager.py:738} INFO - Searching for files in /opt/airflow/dags
[2025-05-18T12:37:50.209+0000] {manager.py:741} INFO - There are 0 files in /opt/airflow/dags
[2025-05-18T12:42:50.304+0000] {manager.py:738} INFO - Searching for files in /opt/airflow/dags
[2025-05-18T12:42:50.308+0000] {manager.py:741} INFO - There are 0 files in /opt/airflow/dags
[2025-05-18T12:47:50.847+0000] {manager.py:738} INFO - Searching for files in /opt/airflow/dags
[2025-05-18T12:47:50.849+0000] {manager.py:741} INFO - There are 0 files in /opt/airflow/dags
[2025-05-18T12:52:51.418+0000] {manager.py:738} INFO - Searching for files in /opt/airflow/dags
[2025-05-18T12:52:51.419+0000] {manager.py:741} INFO - There are 0 files in /opt/airflow/dags
[2025-05-18T12:57:51.948+0000] {manager.py:738} INFO - Searching for files in /opt/airflow/dags
[2025-05-18T12:57:51.952+0000] {manager.py:741} INFO - There are 0 files in /opt/airflow/dags
[2025-05-18T13:02:52.504+0000] {manager.py:738} INFO - Searching for files in /opt/airflow/dags
[2025-05-18T13:02:52.507+0000] {manager.py:741} INFO - There are 0 files in /opt/airflow/dags
[2025-05-18T13:07:53.162+0000] {manager.py:738} INFO - Searching for files in /opt/airflow/dags
[2025-05-18T13:07:53.165+0000] {manager.py:741} INFO - There are 0 files in /opt/airflow/dags
[2025-05-18T13:12:53.700+0000] {manager.py:738} INFO - Searching for files in /opt/airflow/dags
[2025-05-18T13:12:53.703+0000] {manager.py:741} INFO - There are 0 files in /opt/airflow/dags
[2025-05-18T13:17:54.607+0000] {manager.py:738} INFO - Searching for files in /opt/airflow/dags
[2025-05-18T13:17:54.611+0000] {manager.py:741} INFO - There are 0 files in /opt/airflow/dags
[2025-05-18T13:22:55.222+0000] {manager.py:738} INFO - Searching for files in /opt/airflow/dags
[2025-05-18T13:22:55.225+0000] {manager.py:741} INFO - There are 0 files in /opt/airflow/dags
[2025-05-18T13:27:55.851+0000] {manager.py:738} INFO - Searching for files in /opt/airflow/dags
[2025-05-18T13:27:55.854+0000] {manager.py:741} INFO - There are 0 files in /opt/airflow/dags
[2025-05-18T13:47:01.071+0000] {manager.py:738} INFO - Searching for files in /opt/airflow/dags
[2025-05-18T13:47:01.073+0000] {manager.py:741} INFO - There are 0 files in /opt/airflow/dags
[2025-05-18T14:05:05.490+0000] {manager.py:738} INFO - Searching for files in /opt/airflow/dags
[2025-05-18T14:05:05.494+0000] {manager.py:741} INFO - There are 0 files in /opt/airflow/dags
[2025-05-18T14:22:34.887+0000] {manager.py:738} INFO - Searching for files in /opt/airflow/dags
[2025-05-18T14:22:34.894+0000] {manager.py:741} INFO - There are 0 files in /opt/airflow/dags
[2025-05-18T14:40:08.731+0000] {manager.py:738} INFO - Searching for files in /opt/airflow/dags
[2025-05-18T14:40:08.733+0000] {manager.py:741} INFO - There are 0 files in /opt/airflow/dags
[2025-05-18T14:52:27.220+0000] {manager.py:738} INFO - Searching for files in /opt/airflow/dags
[2025-05-18T14:52:27.223+0000] {manager.py:741} INFO - There are 0 files in /opt/airflow/dags
[2025-05-18T15:08:59.739+0000] {manager.py:738} INFO - Searching for files in /opt/airflow/dags
[2025-05-18T15:08:59.744+0000] {manager.py:741} INFO - There are 0 files in /opt/airflow/dags
[2025-05-18T15:27:08.686+0000] {manager.py:738} INFO - Searching for files in /opt/airflow/dags
[2025-05-18T15:27:08.690+0000] {manager.py:741} INFO - There are 0 files in /opt/airflow/dags
[2025-05-18T15:43:42.541+0000] {manager.py:738} INFO - Searching for files in /opt/airflow/dags
[2025-05-18T15:43:42.543+0000] {manager.py:741} INFO - There are 0 files in /opt/airflow/dags
[2025-05-18T16:00:42.268+0000] {manager.py:738} INFO - Searching for files in /opt/airflow/dags
[2025-05-18T16:00:42.269+0000] {manager.py:741} INFO - There are 0 files in /opt/airflow/dags
[2025-05-18T16:18:31.424+0000] {manager.py:738} INFO - Searching for files in /opt/airflow/dags
[2025-05-18T16:18:31.427+0000] {manager.py:741} INFO - There are 0 files in /opt/airflow/dags
[2025-05-18T16:35:37.110+0000] {manager.py:738} INFO - Searching for files in /opt/airflow/dags
[2025-05-18T16:35:37.112+0000] {manager.py:741} INFO - There are 0 files in /opt/airflow/dags
[2025-05-18T16:51:40.925+0000] {manager.py:738} INFO - Searching for files in /opt/airflow/dags
[2025-05-18T16:51:40.927+0000] {manager.py:741} INFO - There are 0 files in /opt/airflow/dags
[2025-05-18T17:09:10.996+0000] {manager.py:738} INFO - Searching for files in /opt/airflow/dags
[2025-05-18T17:09:10.998+0000] {manager.py:741} INFO - There are 0 files in /opt/airflow/dags
[2025-05-18T17:26:42.299+0000] {manager.py:738} INFO - Searching for files in /opt/airflow/dags
[2025-05-18T17:26:42.303+0000] {manager.py:741} INFO - There are 0 files in /opt/airflow/dags
[2025-05-18T17:42:45.479+0000] {manager.py:738} INFO - Searching for files in /opt/airflow/dags
[2025-05-18T17:42:45.481+0000] {manager.py:741} INFO - There are 0 files in /opt/airflow/dags
[2025-05-18T17:59:02.910+0000] {manager.py:738} INFO - Searching for files in /opt/airflow/dags
[2025-05-18T17:59:02.911+0000] {manager.py:741} INFO - There are 0 files in /opt/airflow/dags
[2025-05-18T18:10:35.824+0000] {manager.py:738} INFO - Searching for files in /opt/airflow/dags
[2025-05-18T18:10:35.827+0000] {manager.py:741} INFO - There are 0 files in /opt/airflow/dags
[2025-05-18T18:26:39.468+0000] {manager.py:738} INFO - Searching for files in /opt/airflow/dags
[2025-05-18T18:26:39.471+0000] {manager.py:741} INFO - There are 0 files in /opt/airflow/dags
[2025-05-18T18:42:25.113+0000] {manager.py:738} INFO - Searching for files in /opt/airflow/dags
[2025-05-18T18:42:25.119+0000] {manager.py:741} INFO - There are 0 files in /opt/airflow/dags
[2025-05-18T19:00:35.933+0000] {manager.py:738} INFO - Searching for files in /opt/airflow/dags
[2025-05-18T19:00:35.935+0000] {manager.py:741} INFO - There are 0 files in /opt/airflow/dags
[2025-05-18T19:11:40.706+0000] {manager.py:738} INFO - Searching for files in /opt/airflow/dags
[2025-05-18T19:11:40.709+0000] {manager.py:741} INFO - There are 0 files in /opt/airflow/dags
[2025-05-18T19:28:40.215+0000] {manager.py:738} INFO - Searching for files in /opt/airflow/dags
[2025-05-18T19:28:40.218+0000] {manager.py:741} INFO - There are 0 files in /opt/airflow/dags
[2025-05-18T19:44:32.898+0000] {manager.py:738} INFO - Searching for files in /opt/airflow/dags
[2025-05-18T19:44:32.899+0000] {manager.py:741} INFO - There are 0 files in /opt/airflow/dags
[2025-05-18T20:01:01.828+0000] {manager.py:738} INFO - Searching for files in /opt/airflow/dags
[2025-05-18T20:01:01.830+0000] {manager.py:741} INFO - There are 0 files in /opt/airflow/dags
[2025-05-18T20:12:14.377+0000] {manager.py:738} INFO - Searching for files in /opt/airflow/dags
[2025-05-18T20:12:14.380+0000] {manager.py:741} INFO - There are 0 files in /opt/airflow/dags
[2025-05-18T20:29:48.119+0000] {manager.py:738} INFO - Searching for files in /opt/airflow/dags
[2025-05-18T20:29:48.120+0000] {manager.py:741} INFO - There are 0 files in /opt/airflow/dags
[2025-05-18T20:45:27.386+0000] {manager.py:738} INFO - Searching for files in /opt/airflow/dags
[2025-05-18T20:45:27.390+0000] {manager.py:741} INFO - There are 0 files in /opt/airflow/dags
[2025-05-18T20:51:00.217+0000] {manager.py:738} INFO - Searching for files in /opt/airflow/dags
[2025-05-18T20:51:00.219+0000] {manager.py:741} INFO - There are 0 files in /opt/airflow/dags
[2025-05-18T21:07:14.466+0000] {manager.py:738} INFO - Searching for files in /opt/airflow/dags
[2025-05-18T21:07:14.468+0000] {manager.py:741} INFO - There are 0 files in /opt/airflow/dags
[2025-05-18T21:13:31.261+0000] {manager.py:738} INFO - Searching for files in /opt/airflow/dags
[2025-05-18T21:13:31.264+0000] {manager.py:741} INFO - There are 0 files in /opt/airflow/dags
[2025-05-18T21:29:32.683+0000] {manager.py:738} INFO - Searching for files in /opt/airflow/dags
[2025-05-18T21:29:32.686+0000] {manager.py:741} INFO - There are 0 files in /opt/airflow/dags
[2025-05-18T21:49:56.862+0000] {manager.py:738} INFO - Searching for files in /opt/airflow/dags
[2025-05-18T21:49:56.864+0000] {manager.py:741} INFO - There are 0 files in /opt/airflow/dags
[2025-05-18T22:07:20.631+0000] {manager.py:738} INFO - Searching for files in /opt/airflow/dags
[2025-05-18T22:07:20.637+0000] {manager.py:741} INFO - There are 0 files in /opt/airflow/dags
[2025-05-18T22:14:35.296+0000] {manager.py:738} INFO - Searching for files in /opt/airflow/dags
[2025-05-18T22:14:35.298+0000] {manager.py:741} INFO - There are 0 files in /opt/airflow/dags
[2025-05-18T22:32:17.953+0000] {manager.py:738} INFO - Searching for files in /opt/airflow/dags
[2025-05-18T22:32:17.955+0000] {manager.py:741} INFO - There are 0 files in /opt/airflow/dags
[2025-05-18T22:49:17.856+0000] {manager.py:738} INFO - Searching for files in /opt/airflow/dags
[2025-05-18T22:49:17.857+0000] {manager.py:741} INFO - There are 0 files in /opt/airflow/dags
[2025-05-18T23:05:15.515+0000] {manager.py:738} INFO - Searching for files in /opt/airflow/dags
[2025-05-18T23:05:15.517+0000] {manager.py:741} INFO - There are 0 files in /opt/airflow/dags
[2025-05-18T23:15:26.035+0000] {manager.py:738} INFO - Searching for files in /opt/airflow/dags
[2025-05-18T23:15:26.036+0000] {manager.py:741} INFO - There are 0 files in /opt/airflow/dags
[2025-05-18T23:33:10.659+0000] {manager.py:738} INFO - Searching for files in /opt/airflow/dags
[2025-05-18T23:33:10.662+0000] {manager.py:741} INFO - There are 0 files in /opt/airflow/dags
[2025-05-18T23:50:19.456+0000] {manager.py:738} INFO - Searching for files in /opt/airflow/dags
[2025-05-18T23:50:19.459+0000] {manager.py:741} INFO - There are 0 files in /opt/airflow/dags
[2025-05-19T00:05:59.109+0000] {manager.py:738} INFO - Searching for files in /opt/airflow/dags
[2025-05-19T00:05:59.112+0000] {manager.py:741} INFO - There are 0 files in /opt/airflow/dags
[2025-05-19T00:24:01.734+0000] {manager.py:738} INFO - Searching for files in /opt/airflow/dags
[2025-05-19T00:24:01.736+0000] {manager.py:741} INFO - There are 0 files in /opt/airflow/dags
[2025-05-19T00:40:04.383+0000] {manager.py:738} INFO - Searching for files in /opt/airflow/dags
[2025-05-19T00:40:04.385+0000] {manager.py:741} INFO - There are 0 files in /opt/airflow/dags
[2025-05-19T00:57:20.166+0000] {manager.py:738} INFO - Searching for files in /opt/airflow/dags
[2025-05-19T00:57:20.168+0000] {manager.py:741} INFO - There are 0 files in /opt/airflow/dags
[2025-05-19T01:12:52.825+0000] {manager.py:738} INFO - Searching for files in /opt/airflow/dags
[2025-05-19T01:12:52.828+0000] {manager.py:741} INFO - There are 0 files in /opt/airflow/dags
[2025-05-19T01:29:06.646+0000] {manager.py:738} INFO - Searching for files in /opt/airflow/dags
[2025-05-19T01:29:06.648+0000] {manager.py:741} INFO - There are 0 files in /opt/airflow/dags
[2025-05-19T01:45:21.434+0000] {manager.py:738} INFO - Searching for files in /opt/airflow/dags
[2025-05-19T01:45:21.436+0000] {manager.py:741} INFO - There are 0 files in /opt/airflow/dags
[2025-05-19T02:03:24.232+0000] {manager.py:738} INFO - Searching for files in /opt/airflow/dags
[2025-05-19T02:03:24.234+0000] {manager.py:741} INFO - There are 0 files in /opt/airflow/dags
[2025-05-19T02:20:50.126+0000] {manager.py:738} INFO - Searching for files in /opt/airflow/dags
[2025-05-19T02:20:50.139+0000] {manager.py:741} INFO - There are 0 files in /opt/airflow/dags
[2025-05-19T02:37:02.478+0000] {manager.py:738} INFO - Searching for files in /opt/airflow/dags
[2025-05-19T02:37:02.481+0000] {manager.py:741} INFO - There are 0 files in /opt/airflow/dags
[2025-05-19T02:53:38.189+0000] {manager.py:738} INFO - Searching for files in /opt/airflow/dags
[2025-05-19T02:53:38.195+0000] {manager.py:741} INFO - There are 0 files in /opt/airflow/dags
[2025-05-19T03:07:09.893+0000] {manager.py:738} INFO - Searching for files in /opt/airflow/dags
[2025-05-19T03:07:09.895+0000] {manager.py:741} INFO - There are 0 files in /opt/airflow/dags
[2025-05-19T03:23:13.330+0000] {manager.py:738} INFO - Searching for files in /opt/airflow/dags
[2025-05-19T03:23:13.335+0000] {manager.py:741} INFO - There are 0 files in /opt/airflow/dags
[2025-05-19T03:41:06.621+0000] {manager.py:738} INFO - Searching for files in /opt/airflow/dags
[2025-05-19T03:41:06.622+0000] {manager.py:741} INFO - There are 0 files in /opt/airflow/dags
[2025-05-19T03:57:16.401+0000] {manager.py:738} INFO - Searching for files in /opt/airflow/dags
[2025-05-19T03:57:16.402+0000] {manager.py:741} INFO - There are 0 files in /opt/airflow/dags
[2025-05-19T04:13:04.026+0000] {manager.py:738} INFO - Searching for files in /opt/airflow/dags
[2025-05-19T04:13:04.026+0000] {manager.py:741} INFO - There are 0 files in /opt/airflow/dags
[2025-05-19T04:29:17.969+0000] {manager.py:738} INFO - Searching for files in /opt/airflow/dags
[2025-05-19T04:29:17.971+0000] {manager.py:741} INFO - There are 0 files in /opt/airflow/dags
[2025-05-19T04:46:02.687+0000] {manager.py:738} INFO - Searching for files in /opt/airflow/dags
[2025-05-19T04:46:02.690+0000] {manager.py:741} INFO - There are 0 files in /opt/airflow/dags
[2025-05-19T05:03:51.600+0000] {manager.py:738} INFO - Searching for files in /opt/airflow/dags
[2025-05-19T05:03:51.601+0000] {manager.py:741} INFO - There are 0 files in /opt/airflow/dags
[2025-05-19T05:08:52.176+0000] {manager.py:738} INFO - Searching for files in /opt/airflow/dags
[2025-05-19T05:08:52.180+0000] {manager.py:741} INFO - There are 0 files in /opt/airflow/dags
[2025-05-19T05:24:34.395+0000] {manager.py:738} INFO - Searching for files in /opt/airflow/dags
[2025-05-19T05:24:34.396+0000] {manager.py:741} INFO - There are 0 files in /opt/airflow/dags
[2025-05-19T05:43:05.125+0000] {manager.py:738} INFO - Searching for files in /opt/airflow/dags
[2025-05-19T05:43:05.128+0000] {manager.py:741} INFO - There are 0 files in /opt/airflow/dags
[2025-05-19T05:59:33.856+0000] {manager.py:738} INFO - Searching for files in /opt/airflow/dags
[2025-05-19T05:59:33.858+0000] {manager.py:741} INFO - There are 0 files in /opt/airflow/dags
[2025-05-19T06:09:26.696+0000] {manager.py:738} INFO - Searching for files in /opt/airflow/dags
[2025-05-19T06:09:26.699+0000] {manager.py:741} INFO - There are 0 files in /opt/airflow/dags
[2025-05-19T06:14:27.348+0000] {manager.py:738} INFO - Searching for files in /opt/airflow/dags
[2025-05-19T06:14:27.352+0000] {manager.py:741} INFO - There are 0 files in /opt/airflow/dags
[2025-05-19T06:20:22.087+0000] {manager.py:738} INFO - Searching for files in /opt/airflow/dags
[2025-05-19T06:20:22.089+0000] {manager.py:741} INFO - There are 0 files in /opt/airflow/dags
[2025-05-19T06:25:22.730+0000] {manager.py:738} INFO - Searching for files in /opt/airflow/dags
[2025-05-19T06:25:22.736+0000] {manager.py:741} INFO - There are 0 files in /opt/airflow/dags
[2025-05-19T06:30:25.958+0000] {manager.py:738} INFO - Searching for files in /opt/airflow/dags
[2025-05-19T06:30:25.961+0000] {manager.py:741} INFO - There are 0 files in /opt/airflow/dags
[2025-05-19T06:47:01.017+0000] {manager.py:738} INFO - Searching for files in /opt/airflow/dags
[2025-05-19T06:47:01.021+0000] {manager.py:741} INFO - There are 0 files in /opt/airflow/dags
[2025-05-19T06:52:01.177+0000] {manager.py:738} INFO - Searching for files in /opt/airflow/dags
[2025-05-19T06:52:01.182+0000] {manager.py:741} INFO - There are 0 files in /opt/airflow/dags
[2025-05-19T06:57:01.323+0000] {manager.py:738} INFO - Searching for files in /opt/airflow/dags
[2025-05-19T06:57:01.328+0000] {manager.py:741} INFO - There are 0 files in /opt/airflow/dags
[2025-05-19T07:02:01.931+0000] {manager.py:738} INFO - Searching for files in /opt/airflow/dags
[2025-05-19T07:02:01.933+0000] {manager.py:741} INFO - There are 0 files in /opt/airflow/dags
[2025-05-19T07:07:02.487+0000] {manager.py:738} INFO - Searching for files in /opt/airflow/dags
[2025-05-19T07:07:02.492+0000] {manager.py:741} INFO - There are 0 files in /opt/airflow/dags
[2025-05-19T07:12:03.107+0000] {manager.py:738} INFO - Searching for files in /opt/airflow/dags
[2025-05-19T07:12:03.117+0000] {manager.py:741} INFO - There are 0 files in /opt/airflow/dags
[2025-05-19T07:17:03.822+0000] {manager.py:738} INFO - Searching for files in /opt/airflow/dags
[2025-05-19T07:17:03.826+0000] {manager.py:741} INFO - There are 0 files in /opt/airflow/dags
[2025-05-19T07:22:04.401+0000] {manager.py:738} INFO - Searching for files in /opt/airflow/dags
[2025-05-19T07:22:04.405+0000] {manager.py:741} INFO - There are 0 files in /opt/airflow/dags
[2025-05-19T07:27:05.074+0000] {manager.py:738} INFO - Searching for files in /opt/airflow/dags
[2025-05-19T07:27:05.077+0000] {manager.py:741} INFO - There are 0 files in /opt/airflow/dags
[2025-05-19T07:32:05.651+0000] {manager.py:738} INFO - Searching for files in /opt/airflow/dags
[2025-05-19T07:32:05.655+0000] {manager.py:741} INFO - There are 0 files in /opt/airflow/dags
[2025-05-19T07:37:06.298+0000] {manager.py:738} INFO - Searching for files in /opt/airflow/dags
[2025-05-19T07:37:06.303+0000] {manager.py:741} INFO - There are 0 files in /opt/airflow/dags
[2025-05-19T07:42:07.001+0000] {manager.py:738} INFO - Searching for files in /opt/airflow/dags
[2025-05-19T07:42:07.005+0000] {manager.py:741} INFO - There are 0 files in /opt/airflow/dags
[2025-05-19T07:47:07.634+0000] {manager.py:738} INFO - Searching for files in /opt/airflow/dags
[2025-05-19T07:47:07.638+0000] {manager.py:741} INFO - There are 0 files in /opt/airflow/dags
[2025-05-19T07:52:08.314+0000] {manager.py:738} INFO - Searching for files in /opt/airflow/dags
[2025-05-19T07:52:08.319+0000] {manager.py:741} INFO - There are 0 files in /opt/airflow/dags
[2025-05-19T07:57:09.042+0000] {manager.py:738} INFO - Searching for files in /opt/airflow/dags
[2025-05-19T07:57:09.046+0000] {manager.py:741} INFO - There are 0 files in /opt/airflow/dags
[2025-05-19T08:02:09.753+0000] {manager.py:738} INFO - Searching for files in /opt/airflow/dags
[2025-05-19T08:02:09.758+0000] {manager.py:741} INFO - There are 0 files in /opt/airflow/dags
[2025-05-19T08:07:10.343+0000] {manager.py:738} INFO - Searching for files in /opt/airflow/dags
[2025-05-19T08:07:10.348+0000] {manager.py:741} INFO - There are 0 files in /opt/airflow/dags
[2025-05-19T08:12:11.055+0000] {manager.py:738} INFO - Searching for files in /opt/airflow/dags
[2025-05-19T08:12:11.060+0000] {manager.py:741} INFO - There are 0 files in /opt/airflow/dags
[2025-05-19T08:17:11.645+0000] {manager.py:738} INFO - Searching for files in /opt/airflow/dags
[2025-05-19T08:17:11.649+0000] {manager.py:741} INFO - There are 0 files in /opt/airflow/dags
[2025-05-19T08:22:12.289+0000] {manager.py:738} INFO - Searching for files in /opt/airflow/dags
[2025-05-19T08:22:12.294+0000] {manager.py:741} INFO - There are 0 files in /opt/airflow/dags
[2025-05-19T08:27:12.891+0000] {manager.py:738} INFO - Searching for files in /opt/airflow/dags
[2025-05-19T08:27:12.895+0000] {manager.py:741} INFO - There are 0 files in /opt/airflow/dags
[2025-05-19T08:32:13.573+0000] {manager.py:738} INFO - Searching for files in /opt/airflow/dags
[2025-05-19T08:32:13.577+0000] {manager.py:741} INFO - There are 0 files in /opt/airflow/dags
[2025-05-19T08:37:14.113+0000] {manager.py:738} INFO - Searching for files in /opt/airflow/dags
[2025-05-19T08:37:14.116+0000] {manager.py:741} INFO - There are 0 files in /opt/airflow/dags
[2025-05-19T08:42:14.750+0000] {manager.py:738} INFO - Searching for files in /opt/airflow/dags
[2025-05-19T08:42:14.754+0000] {manager.py:741} INFO - There are 0 files in /opt/airflow/dags
